<?xml version="1.0" encoding="UTF-8"?>
<!-- Generated by org.testng.reporters.JUnitReportReporter -->
<testsuite hostname="DESKTOP-JBAS9MK" failures="0" tests="1" name="Qsp.Ext_Report" time="1.771" errors="0" timestamp="2023-05-27T15:37:06 IST" skipped="0">
  <testcase classname="Qsp.Ext_Report" name="test1" time="1.771"/>
  <system-out/>
</testsuite> <!-- Qsp.Ext_Report -->
