<?xml version="1.0" encoding="UTF-8"?>
<!-- Generated by org.testng.reporters.JUnitReportReporter -->
<testsuite hostname="DESKTOP-JBAS9MK" failures="0" tests="2" name="Qsp.Parse" time="0.032" errors="0" timestamp="2023-05-27T15:26:45 IST" skipped="0">
  <testcase classname="Qsp.Parse" name="test1" time="0.016"/>
  <system-out/>
  <testcase classname="Qsp.Parse" name="test2" time="0.016"/>
  <system-out/>
</testsuite> <!-- Qsp.Parse -->
